Using pre-set license
Built from '2020.3/staging' branch; Version is '2020.3.17f1 (a4537701e4ab) revision 10769271'; Using compiler version '192528614'; Build Type 'Release'
OS: 'Windows 10 Home; OS build 19043.1237; Version 2009; 64bit' Language: 'en' Physical Memory: 16085 MB
BatchMode: 1, IsHumanControllingUs: 0, StartBugReporterOnCrash: 0, Is64bit: 1, IsPro: 0

COMMAND LINE ARGUMENTS:
C:\Program Files\Unity\Hub\Editor\2020.3.17f1\Editor\Unity.exe
-adb2
-batchMode
-noUpm
-name
AssetImportWorker0
-projectPath
C:/BubbleHead/Lab1-BubbleHead
-logFile
Logs/AssetImportWorker0.log
-srvPort
64862
Successfully changed project path to: C:/BubbleHead/Lab1-BubbleHead
C:/BubbleHead/Lab1-BubbleHead
Using Asset Import Pipeline V2.
Refreshing native plugins compatible for Editor in 23.08 ms, found 2 plugins.
Preloading 0 native plugins for Editor in 0.00 ms.
Initialize engine version: 2020.3.17f1 (a4537701e4ab)
[Subsystems] Discovering subsystems at path C:/Program Files/Unity/Hub/Editor/2020.3.17f1/Editor/Data/Resources/UnitySubsystems
[Subsystems] Discovering subsystems at path C:/BubbleHead/Lab1-BubbleHead/Assets
GfxDevice: creating device client; threaded=0
Direct3D:
    Version:  Direct3D 11.0 [level 11.1]
    Renderer: NVIDIA GeForce RTX 3050 Ti Laptop GPU (ID=0x25a0)
    Vendor:   
    VRAM:     3990 MB
    Driver:   27.21.14.6221
Initialize mono
Mono path[0] = 'C:/Program Files/Unity/Hub/Editor/2020.3.17f1/Editor/Data/Managed'
Mono path[1] = 'C:/Program Files/Unity/Hub/Editor/2020.3.17f1/Editor/Data/MonoBleedingEdge/lib/mono/unityjit'
Mono config path = 'C:/Program Files/Unity/Hub/Editor/2020.3.17f1/Editor/Data/MonoBleedingEdge/etc'
Using monoOptions --debugger-agent=transport=dt_socket,embedding=1,server=y,suspend=n,address=127.0.0.1:56884
Begin MonoManager ReloadAssembly
Registering precompiled unity dll's ...
Register platform support module: C:/Program Files/Unity/Hub/Editor/2020.3.17f1/Editor/Data/PlaybackEngines/WindowsStandaloneSupport/UnityEditor.WindowsStandalone.Extensions.dll
Registered in 0.001467 seconds.
Native extension for WindowsStandalone target not found
Refreshing native plugins compatible for Editor in 21.30 ms, found 2 plugins.
Preloading 0 native plugins for Editor in 0.00 ms.
Mono: successfully reloaded assembly
- Completed reload, in  0.739 seconds
Domain Reload Profiling:
	ReloadAssembly (739ms)
		BeginReloadAssembly (38ms)
			ExecutionOrderSort (0ms)
			DisableScriptedObjects (0ms)
			BackupInstance (0ms)
			ReleaseScriptingObjects (0ms)
			CreateAndSetChildDomain (1ms)
		EndReloadAssembly (280ms)
			LoadAssemblies (36ms)
			RebuildTransferFunctionScriptingTraits (0ms)
			SetupTypeCache (98ms)
			ReleaseScriptCaches (0ms)
			RebuildScriptCaches (21ms)
			SetupLoadedEditorAssemblies (111ms)
				LogAssemblyErrors (0ms)
				InitializePlatformSupportModulesInManaged (3ms)
				SetLoadedEditorAssemblies (0ms)
				RefreshPlugins (21ms)
				BeforeProcessingInitializeOnLoad (12ms)
				ProcessInitializeOnLoadAttributes (55ms)
				ProcessInitializeOnLoadMethodAttributes (19ms)
				AfterProcessingInitializeOnLoad (0ms)
				EditorAssembliesLoaded (0ms)
			ExecutionOrderSort2 (0ms)
			AwakeInstancesAfterBackupRestoration (0ms)
Platform modules already initialized, skipping
Registering precompiled user dll's ...
Registered in 0.002567 seconds.
Begin MonoManager ReloadAssembly
Native extension for WindowsStandalone target not found
Refreshing native plugins compatible for Editor in 0.28 ms, found 2 plugins.
Preloading 0 native plugins for Editor in 0.00 ms.
Mono: successfully reloaded assembly
- Completed reload, in  0.732 seconds
Domain Reload Profiling:
	ReloadAssembly (733ms)
		BeginReloadAssembly (96ms)
			ExecutionOrderSort (0ms)
			DisableScriptedObjects (3ms)
			BackupInstance (0ms)
			ReleaseScriptingObjects (0ms)
			CreateAndSetChildDomain (15ms)
		EndReloadAssembly (593ms)
			LoadAssemblies (57ms)
			RebuildTransferFunctionScriptingTraits (0ms)
			SetupTypeCache (173ms)
			ReleaseScriptCaches (0ms)
			RebuildScriptCaches (27ms)
			SetupLoadedEditorAssemblies (273ms)
				LogAssemblyErrors (0ms)
				InitializePlatformSupportModulesInManaged (4ms)
				SetLoadedEditorAssemblies (0ms)
				RefreshPlugins (0ms)
				BeforeProcessingInitializeOnLoad (53ms)
				ProcessInitializeOnLoadAttributes (208ms)
				ProcessInitializeOnLoadMethodAttributes (3ms)
				AfterProcessingInitializeOnLoad (5ms)
				EditorAssembliesLoaded (0ms)
			ExecutionOrderSort2 (0ms)
			AwakeInstancesAfterBackupRestoration (5ms)
Platform modules already initialized, skipping
========================================================================
Worker process is ready to serve import requests
Launched and connected shader compiler UnityShaderCompiler.exe after 0.03 seconds
Refreshing native plugins compatible for Editor in 0.28 ms, found 2 plugins.
Preloading 0 native plugins for Editor in 0.00 ms.
Unloading 1406 Unused Serialized files (Serialized files now loaded: 0)
System memory in use before: 65.3 MB.
System memory in use after: 65.4 MB.

Unloading 18 unused Assets to reduce memory usage. Loaded Objects now: 1840.
Total: 2.099000 ms (FindLiveObjects: 0.111000 ms CreateObjectMapping: 0.024300 ms MarkObjects: 1.906100 ms  DeleteObjects: 0.056600 ms)

AssetImportParameters requested are different than current active one (requested -> active):
  custom:framework-win-MediaFoundation: 216162199b28c13a410421893ffa2e32 -> 
  custom:video-decoder-ogg-theora: a1e56fd34408186e4bbccfd4996cb3dc -> 
  custom:container-muxer-webm: aa71ff27fc2769a1b78a27578f13a17b -> 
  custom:container-demuxer-webm: 4f35f7cbe854078d1ac9338744f61a02 -> 
  custom:container-demuxer-ogg: 62fdf1f143b41e24485cea50d1cbac27 -> 
  custom:video-encoder-webm-vp8: eb34c28f22e8b96e1ab97ce403110664 -> 
  custom:video-decoder-webm-vp8: 9c59270c3fd7afecdb556c50c9e8de78 -> 
  custom:audio-decoder-ogg-vorbis: bf7c407c2cedff20999df2af8eb42d56 -> 
  custom:audio-encoder-webm-vorbis: bf7c407c2cedff20999df2af8eb42d56 -> 
========================================================================
Received Import Request.
  path: Assets/Scripts/BobbleArena.controller
  artifactKey: Guid(b683090dcb612774b9c384fcc52daeec) Importer(815301076,1909f56bfc062723c751e8b465ee728b)
Start importing Assets/Scripts/BobbleArena.controller using Guid(b683090dcb612774b9c384fcc52daeec) Importer(815301076,1909f56bfc062723c751e8b465ee728b)  -> (artifact id: '418893604f53c52f038b7e27c464e01c') in 0.028692 seconds 
  Import took 0.030606 seconds .

========================================================================
Received Prepare
Refreshing native plugins compatible for Editor in 2.23 ms, found 2 plugins.
Preloading 0 native plugins for Editor in 0.00 ms.
Unloading 11 Unused Serialized files (Serialized files now loaded: 0)
System memory in use before: 37.5 MB.
System memory in use after: 37.6 MB.

Unloading 11 unused Assets to reduce memory usage. Loaded Objects now: 1840.
Total: 2.396100 ms (FindLiveObjects: 0.127300 ms CreateObjectMapping: 0.027500 ms MarkObjects: 2.229500 ms  DeleteObjects: 0.011100 ms)

AssetImportParameters requested are different than current active one (requested -> active):
  custom:framework-win-MediaFoundation: 216162199b28c13a410421893ffa2e32 -> 
  custom:video-decoder-ogg-theora: a1e56fd34408186e4bbccfd4996cb3dc -> 
  custom:container-muxer-webm: aa71ff27fc2769a1b78a27578f13a17b -> 
  custom:container-demuxer-webm: 4f35f7cbe854078d1ac9338744f61a02 -> 
  custom:container-demuxer-ogg: 62fdf1f143b41e24485cea50d1cbac27 -> 
  custom:video-encoder-webm-vp8: eb34c28f22e8b96e1ab97ce403110664 -> 
  custom:video-decoder-webm-vp8: 9c59270c3fd7afecdb556c50c9e8de78 -> 
  custom:audio-decoder-ogg-vorbis: bf7c407c2cedff20999df2af8eb42d56 -> 
  custom:audio-encoder-webm-vorbis: bf7c407c2cedff20999df2af8eb42d56 -> 
========================================================================
Received Import Request.
  Time since last request: 393.272057 seconds.
  path: Assets/Sounds/bw_alien_death.ogg
  artifactKey: Guid(8f252cb39a2a2da44aefd3d09599af53) Importer(815301076,1909f56bfc062723c751e8b465ee728b)
Start importing Assets/Sounds/bw_alien_death.ogg using Guid(8f252cb39a2a2da44aefd3d09599af53) Importer(815301076,1909f56bfc062723c751e8b465ee728b)  -> (artifact id: '441ea0419d861fb1ea556e355bc978a2') in 0.131773 seconds 
  Import took 0.134241 seconds .

========================================================================
Received Import Request.
  Time since last request: 0.000257 seconds.
  path: Assets/Sounds/bw_bg.ogg
  artifactKey: Guid(c913da143d1341c4a8ca22e0717e79a2) Importer(815301076,1909f56bfc062723c751e8b465ee728b)
Start importing Assets/Sounds/bw_bg.ogg using Guid(c913da143d1341c4a8ca22e0717e79a2) Importer(815301076,1909f56bfc062723c751e8b465ee728b)  -> (artifact id: '0c2b650b86eae4a36329856a374b8e0c') in 0.015731 seconds 
  Import took 0.017893 seconds .

========================================================================
Received Import Request.
  Time since last request: 0.000320 seconds.
  path: Assets/Sounds/bw_marine_death.ogg
  artifactKey: Guid(d9f613ad6fc2e5648b734dade33baf01) Importer(815301076,1909f56bfc062723c751e8b465ee728b)
Start importing Assets/Sounds/bw_marine_death.ogg using Guid(d9f613ad6fc2e5648b734dade33baf01) Importer(815301076,1909f56bfc062723c751e8b465ee728b)  -> (artifact id: '855ff9dd156efa68329e9c08c253ee5f') in 0.016540 seconds 
  Import took 0.018550 seconds .

========================================================================
Received Import Request.
  Time since last request: 0.000296 seconds.
  path: Assets/Sounds/bw_triple_shoot.ogg
  artifactKey: Guid(8e48e9181723f0c4c9c881d2bfc0fa03) Importer(815301076,1909f56bfc062723c751e8b465ee728b)
Start importing Assets/Sounds/bw_triple_shoot.ogg using Guid(8e48e9181723f0c4c9c881d2bfc0fa03) Importer(815301076,1909f56bfc062723c751e8b465ee728b)  -> (artifact id: '06b601eb6103185a5436d1c0fd117a80') in 0.017965 seconds 
  Import took 0.020075 seconds .

========================================================================
Received Import Request.
  Time since last request: 0.000286 seconds.
  path: Assets/Sounds/bw_victory.ogg
  artifactKey: Guid(b4d3cb20c25bae54e999c556d56876b8) Importer(815301076,1909f56bfc062723c751e8b465ee728b)
Start importing Assets/Sounds/bw_victory.ogg using Guid(b4d3cb20c25bae54e999c556d56876b8) Importer(815301076,1909f56bfc062723c751e8b465ee728b)  -> (artifact id: 'e8282b869cf792aaa1b5192bd7cf4874') in 0.018411 seconds 
  Import took 0.020455 seconds .

========================================================================
Received Import Request.
  Time since last request: 0.000290 seconds.
  path: Assets/Sounds/bw_shoot.ogg
  artifactKey: Guid(5601eca1dfa29004bb6fa92fb60c7feb) Importer(815301076,1909f56bfc062723c751e8b465ee728b)
Start importing Assets/Sounds/bw_shoot.ogg using Guid(5601eca1dfa29004bb6fa92fb60c7feb) Importer(815301076,1909f56bfc062723c751e8b465ee728b)  -> (artifact id: '0882bfa54b2437813ea18a22e96d15a7') in 0.015682 seconds 
  Import took 0.017754 seconds .

========================================================================
Received Import Request.
  Time since last request: 0.000277 seconds.
  path: Assets/Sounds/bw_elevator.ogg
  artifactKey: Guid(2f387366f0fba044487680bf853f5f68) Importer(815301076,1909f56bfc062723c751e8b465ee728b)
Start importing Assets/Sounds/bw_elevator.ogg using Guid(2f387366f0fba044487680bf853f5f68) Importer(815301076,1909f56bfc062723c751e8b465ee728b)  -> (artifact id: '0e46e1dbe44e67232d732851cae732d3') in 0.015603 seconds 
  Import took 0.017635 seconds .

========================================================================
Received Import Request.
  Time since last request: 0.000253 seconds.
  path: Assets/Sounds/bw_marine_hurt.ogg
  artifactKey: Guid(a16b9017a7a3b744fbd8ab26d0a816c3) Importer(815301076,1909f56bfc062723c751e8b465ee728b)
Start importing Assets/Sounds/bw_marine_hurt.ogg using Guid(a16b9017a7a3b744fbd8ab26d0a816c3) Importer(815301076,1909f56bfc062723c751e8b465ee728b)  -> (artifact id: 'cf4f9c59b07d3d0852f262625fbbd6a2') in 0.016469 seconds 
  Import took 0.018841 seconds .

========================================================================
Received Import Request.
  Time since last request: 0.000309 seconds.
  path: Assets/Sounds/bw_powerup_appear.ogg
  artifactKey: Guid(00f25f135ee488c4591479876ca3f10c) Importer(815301076,1909f56bfc062723c751e8b465ee728b)
Start importing Assets/Sounds/bw_powerup_appear.ogg using Guid(00f25f135ee488c4591479876ca3f10c) Importer(815301076,1909f56bfc062723c751e8b465ee728b)  -> (artifact id: '565e8ae4d7a39005ac9f77c7e08d90ff') in 0.018540 seconds 
  Import took 0.020639 seconds .

========================================================================
Received Import Request.
  Time since last request: 0.000255 seconds.
  path: Assets/Sounds/bw_powerup_pickup.ogg
  artifactKey: Guid(55bc10006917fbe46a89f70a93cd4e1f) Importer(815301076,1909f56bfc062723c751e8b465ee728b)
Start importing Assets/Sounds/bw_powerup_pickup.ogg using Guid(55bc10006917fbe46a89f70a93cd4e1f) Importer(815301076,1909f56bfc062723c751e8b465ee728b)  -> (artifact id: '19011ca981091485075159b4cd16a66c') in 0.014236 seconds 
  Import took 0.016509 seconds .

========================================================================
Received Import Request.
  Time since last request: 365.373213 seconds.
  path: Assets/Animations
  artifactKey: Guid(d0b84f75e4228b14bae484f8034e3b76) Importer(815301076,1909f56bfc062723c751e8b465ee728b)
Start importing Assets/Animations using Guid(d0b84f75e4228b14bae484f8034e3b76) Importer(815301076,1909f56bfc062723c751e8b465ee728b)  -> (artifact id: 'b06935e96b37b0996ff9f97cd43a6090') in 0.002315 seconds 
  Import took 0.004924 seconds .

========================================================================
Received Import Request.
  Time since last request: 10.489245 seconds.
  path: Assets/Animations/AlienHead.controller
  artifactKey: Guid(7c2a7bac209548243b9f1259a180a94d) Importer(815301076,1909f56bfc062723c751e8b465ee728b)
Start importing Assets/Animations/AlienHead.controller using Guid(7c2a7bac209548243b9f1259a180a94d) Importer(815301076,1909f56bfc062723c751e8b465ee728b)  -> (artifact id: 'f4f1cd291956eca409d7fb6fe8ef98fe') in 0.004847 seconds 
  Import took 0.006891 seconds .

========================================================================
Received Import Request.
  Time since last request: 73.211320 seconds.
  path: Assets/Animations/BobbleArena.controller
  artifactKey: Guid(357153e1941bebf44a67dca4da104e58) Importer(815301076,1909f56bfc062723c751e8b465ee728b)
Start importing Assets/Animations/BobbleArena.controller using Guid(357153e1941bebf44a67dca4da104e58) Importer(815301076,1909f56bfc062723c751e8b465ee728b)  -> (artifact id: 'af8ddd3a055184565b16c053770e7cbd') in 0.014312 seconds 
  Import took 0.016345 seconds .

========================================================================
Received Prepare
Registering precompiled user dll's ...
Registered in 0.002826 seconds.
Begin MonoManager ReloadAssembly
Native extension for WindowsStandalone target not found
Refreshing native plugins compatible for Editor in 0.29 ms, found 2 plugins.
Preloading 0 native plugins for Editor in 0.00 ms.
Mono: successfully reloaded assembly
- Completed reload, in  0.727 seconds
Domain Reload Profiling:
	ReloadAssembly (728ms)
		BeginReloadAssembly (82ms)
			ExecutionOrderSort (0ms)
			DisableScriptedObjects (3ms)
			BackupInstance (0ms)
			ReleaseScriptingObjects (0ms)
			CreateAndSetChildDomain (27ms)
		EndReloadAssembly (599ms)
			LoadAssemblies (60ms)
			RebuildTransferFunctionScriptingTraits (0ms)
			SetupTypeCache (181ms)
			ReleaseScriptCaches (1ms)
			RebuildScriptCaches (25ms)
			SetupLoadedEditorAssemblies (265ms)
				LogAssemblyErrors (0ms)
				InitializePlatformSupportModulesInManaged (4ms)
				SetLoadedEditorAssemblies (0ms)
				RefreshPlugins (0ms)
				BeforeProcessingInitializeOnLoad (51ms)
				ProcessInitializeOnLoadAttributes (201ms)
				ProcessInitializeOnLoadMethodAttributes (3ms)
				AfterProcessingInitializeOnLoad (5ms)
				EditorAssembliesLoaded (0ms)
			ExecutionOrderSort2 (0ms)
			AwakeInstancesAfterBackupRestoration (5ms)
Platform modules already initialized, skipping
Refreshing native plugins compatible for Editor in 0.28 ms, found 2 plugins.
Preloading 0 native plugins for Editor in 0.00 ms.
Unloading 1400 Unused Serialized files (Serialized files now loaded: 0)
System memory in use before: 68.3 MB.
System memory in use after: 68.4 MB.

Unloading 13 unused Assets to reduce memory usage. Loaded Objects now: 1851.
Total: 2.004100 ms (FindLiveObjects: 0.105200 ms CreateObjectMapping: 0.024500 ms MarkObjects: 1.859300 ms  DeleteObjects: 0.014300 ms)

AssetImportParameters requested are different than current active one (requested -> active):
  custom:framework-win-MediaFoundation: 216162199b28c13a410421893ffa2e32 -> 
  custom:video-decoder-ogg-theora: a1e56fd34408186e4bbccfd4996cb3dc -> 
  custom:container-muxer-webm: aa71ff27fc2769a1b78a27578f13a17b -> 
  custom:container-demuxer-webm: 4f35f7cbe854078d1ac9338744f61a02 -> 
  custom:container-demuxer-ogg: 62fdf1f143b41e24485cea50d1cbac27 -> 
  custom:video-encoder-webm-vp8: eb34c28f22e8b96e1ab97ce403110664 -> 
  custom:video-decoder-webm-vp8: 9c59270c3fd7afecdb556c50c9e8de78 -> 
  custom:audio-decoder-ogg-vorbis: bf7c407c2cedff20999df2af8eb42d56 -> 
  custom:audio-encoder-webm-vorbis: bf7c407c2cedff20999df2af8eb42d56 -> 
========================================================================
Received Prepare
Registering precompiled user dll's ...
Registered in 0.002600 seconds.
Begin MonoManager ReloadAssembly
Native extension for WindowsStandalone target not found
Refreshing native plugins compatible for Editor in 0.35 ms, found 2 plugins.
Preloading 0 native plugins for Editor in 0.00 ms.
Mono: successfully reloaded assembly
- Completed reload, in  0.708 seconds
Domain Reload Profiling:
	ReloadAssembly (709ms)
		BeginReloadAssembly (78ms)
			ExecutionOrderSort (0ms)
			DisableScriptedObjects (3ms)
			BackupInstance (0ms)
			ReleaseScriptingObjects (0ms)
			CreateAndSetChildDomain (26ms)
		EndReloadAssembly (587ms)
			LoadAssemblies (57ms)
			RebuildTransferFunctionScriptingTraits (0ms)
			SetupTypeCache (175ms)
			ReleaseScriptCaches (1ms)
			RebuildScriptCaches (26ms)
			SetupLoadedEditorAssemblies (264ms)
				LogAssemblyErrors (0ms)
				InitializePlatformSupportModulesInManaged (4ms)
				SetLoadedEditorAssemblies (0ms)
				RefreshPlugins (0ms)
				BeforeProcessingInitializeOnLoad (53ms)
				ProcessInitializeOnLoadAttributes (199ms)
				ProcessInitializeOnLoadMethodAttributes (3ms)
				AfterProcessingInitializeOnLoad (5ms)
				EditorAssembliesLoaded (0ms)
			ExecutionOrderSort2 (0ms)
			AwakeInstancesAfterBackupRestoration (4ms)
Platform modules already initialized, skipping
Refreshing native plugins compatible for Editor in 0.27 ms, found 2 plugins.
Preloading 0 native plugins for Editor in 0.00 ms.
Unloading 1400 Unused Serialized files (Serialized files now loaded: 0)
System memory in use before: 68.3 MB.
System memory in use after: 68.4 MB.

Unloading 13 unused Assets to reduce memory usage. Loaded Objects now: 1853.
Total: 2.107200 ms (FindLiveObjects: 0.103600 ms CreateObjectMapping: 0.023400 ms MarkObjects: 1.966100 ms  DeleteObjects: 0.013300 ms)

AssetImportParameters requested are different than current active one (requested -> active):
  custom:framework-win-MediaFoundation: 216162199b28c13a410421893ffa2e32 -> 
  custom:video-decoder-ogg-theora: a1e56fd34408186e4bbccfd4996cb3dc -> 
  custom:container-muxer-webm: aa71ff27fc2769a1b78a27578f13a17b -> 
  custom:container-demuxer-webm: 4f35f7cbe854078d1ac9338744f61a02 -> 
  custom:container-demuxer-ogg: 62fdf1f143b41e24485cea50d1cbac27 -> 
  custom:video-encoder-webm-vp8: eb34c28f22e8b96e1ab97ce403110664 -> 
  custom:video-decoder-webm-vp8: 9c59270c3fd7afecdb556c50c9e8de78 -> 
  custom:audio-decoder-ogg-vorbis: bf7c407c2cedff20999df2af8eb42d56 -> 
  custom:audio-encoder-webm-vorbis: bf7c407c2cedff20999df2af8eb42d56 -> 
